[2025-06-02T21:30:06.770Z] [JEPI] Dividend fetch error: Forbidden
[2025-06-02T21:30:06.771Z] [IWMY] Dividend fetch error: Forbidden
[2025-06-02T21:30:06.772Z] [JEPQ] Dividend fetch error: Forbidden
[2025-06-02T21:30:06.772Z] [PUTW] Dividend fetch error: Forbidden
[2025-06-02T21:30:06.772Z] [MSTY] Dividend fetch error: Forbidden
[2025-06-02T21:30:06.773Z] [PBP] Dividend fetch error: Forbidden
[2025-06-02T21:30:06.773Z] [QQQY] Dividend fetch error: Forbidden
[2025-06-02T21:30:06.773Z] [QYLD] Dividend fetch error: Forbidden
[2025-06-02T21:30:06.774Z] [TSLY] Dividend fetch error: Forbidden
[2025-06-02T21:30:06.774Z] [OARK] Dividend fetch error: Forbidden
[2025-06-02T21:30:06.775Z] [RDTY] Dividend fetch error: Forbidden
[2025-06-02T21:30:06.775Z] [USOY] Dividend fetch error: Forbidden
[2025-06-02T21:30:06.775Z] [APLY] Dividend fetch error: Forbidden
[2025-06-02T21:30:06.776Z] [NVDY] Dividend fetch error: Forbidden
[2025-06-02T21:30:06.779Z] [WBIY] Dividend fetch error: Forbidden
[2025-06-02T21:30:06.780Z] [ULTY] Dividend fetch error: Forbidden
[2025-06-02T21:30:06.780Z] [XYLD] Dividend fetch error: Forbidden
[2025-06-02T21:30:06.783Z] [FBY] Dividend fetch error: Forbidden
[2025-06-02T21:30:06.783Z] [JPMO] Dividend fetch error: Forbidden
[2025-06-02T21:30:06.787Z] [AMZY] Dividend fetch error: Forbidden
[2025-06-02T21:30:06.787Z] [GOOY] Dividend fetch error: Forbidden
[2025-06-02T21:30:06.789Z] [MRNY] Dividend fetch error: Forbidden
[2025-06-02T21:30:06.789Z] [AIYY] Dividend fetch error: Forbidden
[2025-06-02T21:30:06.789Z] [PYPY] Dividend fetch error: Forbidden
[2025-06-02T21:30:06.789Z] [NFLY] Dividend fetch error: Forbidden
[2025-06-02T21:30:06.791Z] [BABO] Dividend fetch error: Forbidden
[2025-06-02T21:30:06.791Z] [GDXY] Dividend fetch error: Forbidden
[2025-06-02T21:30:06.792Z] [XYZY] Dividend fetch error: Forbidden
[2025-06-02T21:30:06.796Z] [FIAT] Dividend fetch error: Forbidden
[2025-06-02T21:30:06.798Z] [ABNY] Dividend fetch error: Forbidden
[2025-06-02T21:30:06.800Z] [YMAG] Dividend fetch error: Forbidden
[2025-06-02T21:30:06.806Z] [SOXY] Dividend fetch error: Forbidden
[2025-06-02T21:30:06.810Z] [PLTY] Dividend fetch error: Forbidden
[2025-06-02T21:30:06.810Z] [CRSH] Dividend fetch error: Forbidden
[2025-06-02T21:30:06.814Z] [MARO] Dividend fetch error: Too Many Requests
[2025-06-02T21:30:06.815Z] [SMCY] Dividend fetch error: Too Many Requests
[2025-06-02T21:30:06.816Z] [FIVY] Dividend fetch error: Forbidden
[2025-06-02T21:30:06.816Z] [YQQQ] Dividend fetch error: Forbidden
[2025-06-02T21:30:06.817Z] [DIPS] Dividend fetch error: Forbidden
[2025-06-02T21:30:06.817Z] [SNOY] Dividend fetch error: Forbidden
[2025-06-02T21:30:06.817Z] [SDTY] Dividend fetch error: Too Many Requests
[2025-06-02T21:30:06.818Z] [AMDY] Dividend fetch error: Too Many Requests
[2025-06-02T21:30:06.819Z] [TSMY] Dividend fetch error: Forbidden
[2025-06-02T21:30:06.820Z] [CHPY] Dividend fetch error: Too Many Requests
[2025-06-02T21:30:06.821Z] [QDTY] Dividend fetch error: Too Many Requests
[2025-06-02T21:30:06.821Z] [BIGY] Dividend fetch error: Forbidden
[2025-06-02T21:30:06.822Z] [GPTY] Dividend fetch error: Too Many Requests
[2025-06-02T21:30:06.832Z] [CONY] Dividend fetch error: Too Many Requests
[2025-06-02T21:30:06.834Z] [LFGY] Dividend fetch error: Too Many Requests
[2025-06-02T21:30:06.837Z] [XOMO] Dividend fetch error: Too Many Requests
[2025-06-02T21:30:06.838Z] [RYLD] Dividend fetch error: Too Many Requests
[2025-06-02T21:30:06.845Z] [DISO] Dividend fetch error: Forbidden
[2025-06-02T21:30:06.859Z] [RNTY] Dividend fetch error: Forbidden
[2025-06-02T21:30:06.860Z] [HOOY] Dividend fetch error: Too Many Requests
[2025-06-02T21:30:06.869Z] [WNTR] Dividend fetch error: Too Many Requests
[2025-06-02T21:30:06.872Z] [FEAT] Dividend fetch error: Too Many Requests
[2025-06-02T21:30:06.920Z] [WBIF] Dividend fetch error: Forbidden
[2025-06-02T21:30:06.931Z] [YMAX] Dividend fetch error: Forbidden
[2025-06-02T21:30:06.939Z] [YBIT] Dividend fetch error: Forbidden
[2025-06-02T21:30:06.955Z] [CVNY] Dividend fetch error: Forbidden
[2025-06-02T21:30:06.991Z] [MSFO] Dividend fetch error: Forbidden
[2025-06-02T21:31:31.034Z] [IWMY] ETF update error: Forbidden
[2025-06-02T21:31:32.267Z] [JEPI] ETF update error: Forbidden
[2025-06-02T21:31:33.498Z] [JEPQ] ETF update error: Forbidden
[2025-06-02T21:31:34.761Z] [MSTY] ETF update error: Forbidden
[2025-06-02T21:31:35.985Z] [NVDY] ETF update error: Forbidden
[2025-06-02T21:31:37.238Z] [PBP] ETF update error: Forbidden
[2025-06-02T21:31:38.471Z] [PUTW] ETF update error: Forbidden
[2025-06-02T21:31:39.703Z] [QQQY] ETF update error: Forbidden
[2025-06-02T21:32:16.169Z] [IWMY] ETF update error (HTTP 403): Forbidden
[2025-06-02T21:32:17.420Z] [JEPI] ETF update error (HTTP 403): Forbidden
[2025-06-02T21:32:18.660Z] [JEPQ] ETF update error (HTTP 403): Forbidden
[2025-06-02T21:32:19.892Z] [MSTY] ETF update error (HTTP 403): Forbidden
[2025-06-02T21:32:21.124Z] [NVDY] ETF update error (HTTP 403): Forbidden
[2025-06-02T21:32:22.357Z] [PBP] ETF update error (HTTP 403): Forbidden
[2025-06-02T21:32:23.583Z] [PUTW] ETF update error (HTTP 403): Forbidden
[2025-06-02T21:32:24.823Z] [QQQY] ETF update error (HTTP 403): Forbidden
[2025-06-02T21:32:26.067Z] [QYLD] ETF update error (HTTP 403): Forbidden
[2025-06-02T21:32:27.315Z] [RYLD] ETF update error (HTTP 403): Forbidden
[2025-06-02T21:32:39.781Z] [IWMY] ETF update error (HTTP 403): Forbidden
[2025-06-02T21:32:41.036Z] [JEPI] ETF update error (HTTP 403): Forbidden
[2025-06-02T21:32:42.286Z] [JEPQ] ETF update error (HTTP 403): Forbidden
[2025-06-02T21:32:43.525Z] [MSTY] ETF update error (HTTP 403): Forbidden
[2025-06-02T21:32:44.776Z] [NVDY] ETF update error (HTTP 403): Forbidden
[2025-06-02T21:32:46.003Z] [PBP] ETF update error (HTTP 403): Forbidden
[2025-06-02T21:32:47.235Z] [PUTW] ETF update error (HTTP 403): Forbidden
[2025-06-02T21:32:48.473Z] [QQQY] ETF update error (HTTP 403): Forbidden
[2025-06-02T21:32:49.697Z] [QYLD] ETF update error (HTTP 403): Forbidden
[2025-06-02T21:32:50.937Z] [RYLD] ETF update error (HTTP 403): Forbidden
[2025-06-02T21:32:52.199Z] [TSLY] ETF update error (HTTP 403): Forbidden
[2025-06-02T21:32:53.430Z] [ULTY] ETF update error (HTTP 403): Forbidden
[2025-06-02T21:32:54.678Z] [USOY] ETF update error (HTTP 403): Forbidden
[2025-06-02T21:32:55.919Z] [WBIF] ETF update error (HTTP 403): Forbidden
[2025-06-02T21:32:57.164Z] [WBIY] ETF update error (HTTP 403): Forbidden
[2025-06-02T21:32:58.395Z] [XYLD] ETF update error (HTTP 403): Forbidden
[2025-06-02T21:33:45.533Z] [IWMY] ETF update error (HTTP 403): Forbidden
[2025-06-02T21:33:46.778Z] [JEPI] ETF update error (HTTP 403): Forbidden
[2025-06-02T21:33:48.030Z] [JEPQ] ETF update error (HTTP 403): Forbidden
[2025-06-02T21:33:49.274Z] [MSTY] ETF update error (HTTP 403): Forbidden
[2025-06-02T21:33:50.515Z] [NVDY] ETF update error (HTTP 403): Forbidden
[2025-06-02T21:33:51.766Z] [PBP] ETF update error (HTTP 403): Forbidden
[2025-06-02T21:33:53.007Z] [PUTW] ETF update error (HTTP 403): Forbidden
[2025-06-02T21:34:52.481Z] [IWMY] ETF update error (HTTP 403): Forbidden
[2025-06-02T21:34:53.724Z] [JEPI] ETF update error (HTTP 403): Forbidden
[2025-06-02T21:34:54.950Z] [JEPQ] ETF update error (HTTP 403): Forbidden
[2025-06-02T21:34:56.192Z] [MSTY] ETF update error (HTTP 403): Forbidden
[2025-06-02T21:34:57.420Z] [NVDY] ETF update error (HTTP 403): Forbidden
[2025-06-02T21:34:58.659Z] [PBP] ETF update error (HTTP 403): Forbidden
[2025-06-02T21:34:59.901Z] [PUTW] ETF update error (HTTP 403): Forbidden
[2025-06-02T21:35:01.156Z] [QQQY] ETF update error (HTTP 403): Forbidden
[2025-06-02T21:35:02.421Z] [QYLD] ETF update error (HTTP 403): Forbidden
[2025-06-02T21:35:03.669Z] [RYLD] ETF update error (HTTP 403): Forbidden
[2025-06-02T21:35:04.909Z] [TSLY] ETF update error (HTTP 403): Forbidden
[2025-06-02T21:35:06.159Z] [ULTY] ETF update error (HTTP 403): Forbidden
[2025-06-02T21:35:07.421Z] [USOY] ETF update error (HTTP 403): Forbidden
[2025-06-02T21:35:08.655Z] [WBIF] ETF update error (HTTP 403): Forbidden
[2025-06-02T21:35:09.908Z] [WBIY] ETF update error (HTTP 403): Forbidden
[2025-06-02T21:35:11.141Z] [XYLD] ETF update error (HTTP 403): Forbidden
[2025-06-02T21:35:12.381Z] [OARK] ETF update error (HTTP 403): Forbidden
[2025-06-02T21:35:13.619Z] [APLY] ETF update error (HTTP 403): Forbidden
[2025-06-02T21:35:14.847Z] [AMZY] ETF update error (HTTP 403): Forbidden
[2025-06-02T21:35:16.081Z] [FBY] ETF update error (HTTP 403): Forbidden
[2025-06-02T21:35:17.321Z] [GOOY] ETF update error (HTTP 403): Forbidden
[2025-06-02T21:35:18.559Z] [CONY] ETF update error (HTTP 403): Forbidden
[2025-06-02T21:35:31.955Z] [IWMY] ETF update error (HTTP 403): Forbidden
[2025-06-02T21:35:33.195Z] [JEPI] ETF update error (HTTP 403): Forbidden
[2025-06-02T21:35:34.456Z] [JEPQ] ETF update error (HTTP 403): Forbidden
[2025-06-02T21:35:35.686Z] [MSTY] ETF update error (HTTP 403): Forbidden
[2025-06-02T21:35:36.923Z] [NVDY] ETF update error (HTTP 403): Forbidden
[2025-06-02T21:35:38.154Z] [PBP] ETF update error (HTTP 403): Forbidden
[2025-06-02T21:35:39.387Z] [PUTW] ETF update error (HTTP 403): Forbidden
[2025-06-02T21:35:40.626Z] [QQQY] ETF update error (HTTP 403): Forbidden
[2025-06-02T21:35:41.854Z] [QYLD] ETF update error (HTTP 403): Forbidden
[2025-06-02T21:36:41.220Z] [IWMY] ETF update error (HTTP unknown): Dividend fetch failed (403)
[2025-06-02T21:36:42.409Z] [JEPI] ETF update error (HTTP unknown): Dividend fetch failed (403)
[2025-06-02T21:36:43.607Z] [JEPQ] ETF update error (HTTP unknown): Dividend fetch failed (403)
[2025-06-02T21:36:44.797Z] [MSTY] ETF update error (HTTP unknown): Dividend fetch failed (403)
[2025-06-02T21:36:45.990Z] [NVDY] ETF update error (HTTP unknown): Dividend fetch failed (403)
[2025-06-02T21:36:47.361Z] [PBP] ETF update error (HTTP unknown): Dividend fetch failed (403)
[2025-06-02T21:36:48.688Z] [PUTW] ETF update error (HTTP unknown): Dividend fetch failed (403)
[2025-06-02T21:36:49.890Z] [QQQY] ETF update error (HTTP unknown): Dividend fetch failed (403)
[2025-06-02T21:36:51.087Z] [QYLD] ETF update error (HTTP unknown): Dividend fetch failed (403)
[2025-06-02T21:36:52.281Z] [RYLD] ETF update error (HTTP unknown): Dividend fetch failed (403)
[2025-06-02T21:36:53.473Z] [TSLY] ETF update error (HTTP unknown): Dividend fetch failed (403)
[2025-06-02T21:36:56.744Z] [IWMY] ETF update error (HTTP unknown): Dividend fetch failed (403)
[2025-06-02T21:36:57.952Z] [JEPI] ETF update error (HTTP unknown): Dividend fetch failed (403)
[2025-06-02T21:36:59.172Z] [JEPQ] ETF update error (HTTP unknown): Dividend fetch failed (403)
[2025-06-02T21:37:00.378Z] [MSTY] ETF update error (HTTP unknown): Dividend fetch failed (403)
[2025-06-02T21:37:01.574Z] [NVDY] ETF update error (HTTP unknown): Dividend fetch failed (403)
[2025-06-02T21:37:02.775Z] [PBP] ETF update error (HTTP unknown): Dividend fetch failed (403)
[2025-06-02T21:37:03.981Z] [PUTW] ETF update error (HTTP unknown): Dividend fetch failed (403)
[2025-06-02T21:37:05.209Z] [QQQY] ETF update error (HTTP unknown): Dividend fetch failed (403)
[2025-06-02T21:37:06.421Z] [QYLD] ETF update error (HTTP unknown): Dividend fetch failed (403)
[2025-06-02T21:37:07.643Z] [RYLD] ETF update error (HTTP unknown): Dividend fetch failed (403)
[2025-06-02T21:37:08.835Z] [TSLY] ETF update error (HTTP unknown): Dividend fetch failed (403)
[2025-06-02T21:37:10.065Z] [ULTY] ETF update error (HTTP unknown): Dividend fetch failed (403)
[2025-06-02T21:37:11.278Z] [USOY] ETF update error (HTTP unknown): Dividend fetch failed (403)
[2025-06-02T21:37:12.482Z] [WBIF] ETF update error (HTTP unknown): Dividend fetch failed (403)
[2025-06-02T21:37:13.675Z] [WBIY] ETF update error (HTTP unknown): Dividend fetch failed (403)
[2025-06-02T21:37:14.872Z] [XYLD] ETF update error (HTTP unknown): Dividend fetch failed (403)
[2025-06-02T21:37:16.079Z] [OARK] ETF update error (HTTP unknown): Dividend fetch failed (403)
[2025-06-02T21:37:17.289Z] [APLY] ETF update error (HTTP unknown): Dividend fetch failed (403)
[2025-06-02T21:37:18.492Z] [AMZY] ETF update error (HTTP unknown): Dividend fetch failed (403)
[2025-06-02T21:37:19.696Z] [FBY] ETF update error (HTTP unknown): Dividend fetch failed (403)
[2025-06-02T21:37:20.895Z] [GOOY] ETF update error (HTTP unknown): Dividend fetch failed (403)
[2025-06-02T21:37:22.092Z] [CONY] ETF update error (HTTP unknown): Dividend fetch failed (403)
[2025-06-02T21:37:23.294Z] [NFLY] ETF update error (HTTP unknown): Dividend fetch failed (403)
[2025-06-02T21:37:24.505Z] [DISO] ETF update error (HTTP unknown): Dividend fetch failed (403)
[2025-06-02T21:37:25.706Z] [MSFO] ETF update error (HTTP unknown): Dividend fetch failed (403)
[2025-06-02T21:37:26.910Z] [XOMO] ETF update error (HTTP unknown): Dividend fetch failed (403)
[2025-06-02T21:37:28.111Z] [JPMO] ETF update error (HTTP unknown): Dividend fetch failed (403)
[2025-06-02T21:37:29.317Z] [AMDY] ETF update error (HTTP unknown): Dividend fetch failed (403)
[2025-06-02T21:37:30.519Z] [PYPY] ETF update error (HTTP unknown): Dividend fetch failed (403)
[2025-06-02T21:37:31.720Z] [XYZY] ETF update error (HTTP unknown): Dividend fetch failed (403)
[2025-06-02T21:37:32.934Z] [MRNY] ETF update error (HTTP unknown): Dividend fetch failed (403)
[2025-06-02T21:46:39.173Z] [MSFO] ETF update error (HTTP unknown): Dividend fetch failed (403)
[2025-06-02T21:46:40.301Z] [JPMO] ETF update error (HTTP unknown): Dividend fetch failed (403)
[2025-06-02T21:46:41.424Z] [PYPY] ETF update error (HTTP unknown): Dividend fetch failed (403)
[2025-06-02T21:46:42.547Z] [PUTW] ETF update error (HTTP unknown): Dividend fetch failed (403)
[2025-06-02T21:46:43.682Z] [JEPQ] ETF update error (HTTP unknown): Dividend fetch failed (403)
[2025-06-02T21:46:44.806Z] [MSTY] ETF update error (HTTP unknown): Dividend fetch failed (403)
[2025-06-02T21:46:45.926Z] [PBP] ETF update error (HTTP unknown): Dividend fetch failed (403)
[2025-06-02T21:46:47.068Z] [IWMY] ETF update error (HTTP unknown): Dividend fetch failed (403)
[2025-06-02T21:46:48.193Z] [JEPI] ETF update error (HTTP unknown): Dividend fetch failed (403)
